Productions:
    0: $start(0) → s(0:1) $
    1: s(0:1) → e(0:2)
    2: e(0:2) → t(0:3) SEMICOLON
    3: e(0:2) → t(0:3) ADD e(9:11)
    4: t(0:3) → NUMBER
    5: t(0:3) → LPAREN e(6:10) RPAREN
    13: e(6:10) → t(6:3) SEMICOLON
    14: e(6:10) → t(6:3) ADD e(9:11)
    15: t(6:3) → NUMBER
    16: t(6:3) → LPAREN e(6:10) RPAREN
    20: e(9:11) → t(9:3) SEMICOLON
    21: e(9:11) → t(9:3) ADD e(9:11)
    22: t(9:3) → NUMBER
    23: t(9:3) → LPAREN e(6:10) RPAREN

Original Productions:
  s → e
    proc { }
  e → t SEMICOLON
    proc { }
  e → t ADD e
    proc { }
  t → NUMBER
    proc { }
  t → LPAREN e RPAREN
    proc { }
  $start → s $
    proc { }

Conflicts:

Presidence:
  --- highest
  --- lowest

State 0:
  rules:
    0: $start(0) →  • s(0:1) $
      {}
    1: s(0:1) →  • e(0:2)
      {}
    2: e(0:2) →  • t(0:3) SEMICOLON
      {}
    3: e(0:2) →  • t(0:3) ADD e(9:11)
      {}
    4: t(0:3) →  • NUMBER
      {}
    5: t(0:3) →  • LPAREN e(6:10) RPAREN
      {}

  transitions:
    s     : State 1
    e     : State 2
    t     : State 3
    NUMBER: State 5
    LPAREN: State 6

State 1:
  rules:
    6: $start(0) → s(0:1) • $
      {}

  transitions:
    $: State 7

State 2:
  rules:
    7: s(0:1) → e(0:2) • 
      {$}

  transitions:

State 3:
  rules:
    8: e(0:2) → t(0:3) • SEMICOLON
      {}
    10: e(0:2) → t(0:3) • ADD e(9:11)
      {}

  transitions:
    SEMICOLON: State 8
    ADD      : State 9

State 4:
  rules:
    10: e(0:2) → t(0:3) • ADD e(9:11)
      {}

  transitions:
    ADD: State 9

State 5:
  rules:
    11: t(0:3) → NUMBER • 
      {SEMICOLON, ADD}

  transitions:

State 6:
  rules:
    12: t(0:3) → LPAREN • e(6:10) RPAREN
      {}
    13: e(6:10) →  • t(6:3) SEMICOLON
      {}
    14: e(6:10) →  • t(6:3) ADD e(9:11)
      {}
    15: t(6:3) →  • NUMBER
      {}
    16: t(6:3) →  • LPAREN e(6:10) RPAREN
      {}

  transitions:
    e     : State 10
    t     : State 3
    NUMBER: State 5
    LPAREN: State 6

State 7:
  rules:
    17: $start(0) → s(0:1) $ • 
      {}

  transitions:

State 8:
  rules:
    18: e(0:2) → t(0:3) SEMICOLON • 
      {$, RPAREN}

  transitions:

State 9:
  rules:
    19: e(0:2) → t(0:3) ADD • e(9:11)
      {}
    20: e(9:11) →  • t(9:3) SEMICOLON
      {}
    21: e(9:11) →  • t(9:3) ADD e(9:11)
      {}
    22: t(9:3) →  • NUMBER
      {}
    23: t(9:3) →  • LPAREN e(6:10) RPAREN
      {}

  transitions:
    e     : State 11
    t     : State 3
    NUMBER: State 5
    LPAREN: State 6

State 10:
  rules:
    24: t(0:3) → LPAREN e(6:10) • RPAREN
      {}

  transitions:
    RPAREN: State 12

State 11:
  rules:
    25: e(0:2) → t(0:3) ADD e(9:11) • 
      {$, RPAREN}

  transitions:

State 12:
  rules:
    26: t(0:3) → LPAREN e(6:10) RPAREN • 
      {SEMICOLON, ADD}

  transitions:

