Productions:
    0/n3: $start(0) → expression(0:1) $
    1/n3: expression(0:1) → NUMBER
    2/l2: expression(0:1) → expression(0:1) "+" expression(10:16)
    3/l2: expression(0:1) → expression(0:1) "-" expression(11:17)
    4/l1: expression(0:1) → expression(0:1) "*" expression(12:18)
    5/l1: expression(0:1) → expression(0:1) "/" expression(13:19)
    6/n0: expression(0:1) → "(" expression(7:14) ")"
    7/n0: expression(0:1) → "(" error ")"
    19/n3: expression(7:14) → NUMBER
    20/l2: expression(7:14) → expression(7:14) "+" expression(10:16)
    21/l2: expression(7:14) → expression(7:14) "-" expression(11:17)
    22/l1: expression(7:14) → expression(7:14) "*" expression(12:18)
    23/l1: expression(7:14) → expression(7:14) "/" expression(13:19)
    24/n0: expression(7:14) → "(" expression(7:14) ")"
    25/n0: expression(7:14) → "(" error ")"
    30/n3: expression(10:16) → NUMBER
    31/l2: expression(10:16) → expression(10:16) "+" expression(10:16)
    32/l2: expression(10:16) → expression(10:16) "-" expression(11:17)
    33/l1: expression(10:16) → expression(10:16) "*" expression(12:18)
    34/l1: expression(10:16) → expression(10:16) "/" expression(13:19)
    35/n0: expression(10:16) → "(" expression(7:14) ")"
    36/n0: expression(10:16) → "(" error ")"
    38/n3: expression(11:17) → NUMBER
    39/l2: expression(11:17) → expression(11:17) "+" expression(10:16)
    40/l2: expression(11:17) → expression(11:17) "-" expression(11:17)
    41/l1: expression(11:17) → expression(11:17) "*" expression(12:18)
    42/l1: expression(11:17) → expression(11:17) "/" expression(13:19)
    43/n0: expression(11:17) → "(" expression(7:14) ")"
    44/n0: expression(11:17) → "(" error ")"
    46/n3: expression(12:18) → NUMBER
    47/l2: expression(12:18) → expression(12:18) "+" expression(10:16)
    48/l2: expression(12:18) → expression(12:18) "-" expression(11:17)
    49/l1: expression(12:18) → expression(12:18) "*" expression(12:18)
    50/l1: expression(12:18) → expression(12:18) "/" expression(13:19)
    51/n0: expression(12:18) → "(" expression(7:14) ")"
    52/n0: expression(12:18) → "(" error ")"
    54/n3: expression(13:19) → NUMBER
    55/l2: expression(13:19) → expression(13:19) "+" expression(10:16)
    56/l2: expression(13:19) → expression(13:19) "-" expression(11:17)
    57/l1: expression(13:19) → expression(13:19) "*" expression(12:18)
    58/l1: expression(13:19) → expression(13:19) "/" expression(13:19)
    59/n0: expression(13:19) → "(" expression(7:14) ")"
    60/n0: expression(13:19) → "(" error ")"

Original Productions:
  expression → NUMBER
    { |a| a.to_i      }
  expression → expression "+" expression
    { |a, _, b| a + b }
  expression → expression "-" expression
    { |a, _, b| a - b }
  expression → expression "*" expression
    { |a, _, b| a * b }
  expression → expression "/" expression
    { |a, _, b| a / b }
  expression → "(" expression ")"
    { |_, a, _| a     }
  expression → "(" error ")"
    
  $start → expression $
    

Conflicts:
  State 16:
    rules : 68
    type  : shift_reduce
    tokens: {"+", "-", "*", "/", ")", $}
  State 17:
    rules : 74
    type  : shift_reduce
    tokens: {"+", "-", "*", "/", ")", $}
  State 18:
    rules : 80
    type  : shift_reduce
    tokens: {"+", "-", "*", "/", ")", $}
  State 19:
    rules : 86
    type  : shift_reduce
    tokens: {"+", "-", "*", "/", ")", $}

Presidence:
  --- highest
  nonassoc 0:
    {LPAREN, RPAREN}
  left     1:
    {MULTIPLY, DIVIDE}
  left     2:
    {ADD, SUBTRACT}
  nonassoc 3:
    {_}
  --- lowest

Table:
{0=>
  {:expression=>[[:state, 1]], :NUMBER=>[[:state, 2]], :LPAREN=>[[:state, 7]]},
 1=>
  {:"$"=>[[:state, 9]],
   :ADD=>[[:state, 10]],
   :SUBTRACT=>[[:state, 11]],
   :MULTIPLY=>[[:state, 12]],
   :DIVIDE=>[[:state, 13]]},
 2=>
  {:ADD=>[[:reduce, 54]],
   :SUBTRACT=>[[:reduce, 54]],
   :MULTIPLY=>[[:reduce, 54]],
   :DIVIDE=>[[:reduce, 54]],
   :RPAREN=>[[:reduce, 54]],
   :"$"=>[[:reduce, 54]]},
 3=>{:ADD=>[[:state, 10]]},
 4=>{:SUBTRACT=>[[:state, 11]]},
 5=>{:MULTIPLY=>[[:state, 12]]},
 6=>{:DIVIDE=>[[:state, 13]]},
 7=>
  {:expression=>[[:state, 14]],
   :NUMBER=>[[:state, 2]],
   :LPAREN=>[[:state, 7]],
   :error=>[[:state, 15]]},
 8=>{:error=>[[:state, 15]]},
 10=>
  {:expression=>[[:state, 16]],
   :NUMBER=>[[:state, 2]],
   :LPAREN=>[[:state, 7]]},
 11=>
  {:expression=>[[:state, 17]],
   :NUMBER=>[[:state, 2]],
   :LPAREN=>[[:state, 7]]},
 12=>
  {:expression=>[[:state, 18]],
   :NUMBER=>[[:state, 2]],
   :LPAREN=>[[:state, 7]]},
 13=>
  {:expression=>[[:state, 19]],
   :NUMBER=>[[:state, 2]],
   :LPAREN=>[[:state, 7]]},
 14=>
  {:"$"=>[[:state, 9]],
   :ADD=>[[:state, 10]],
   :SUBTRACT=>[[:state, 11]],
   :MULTIPLY=>[[:state, 12]],
   :DIVIDE=>[[:state, 13]],
   :RPAREN=>[[:state, 20]]},
 15=>{:RPAREN=>[[:state, 21]]},
 16=>
  {:"$"=>[[:reduce, 55]],
   :ADD=>[[:reduce, 55]],
   :SUBTRACT=>[[:reduce, 55]],
   :MULTIPLY=>[[:state, 12]],
   :DIVIDE=>[[:state, 13]],
   :RPAREN=>[[:reduce, 55]]},
 17=>
  {:"$"=>[[:reduce, 56]],
   :ADD=>[[:reduce, 56]],
   :SUBTRACT=>[[:reduce, 56]],
   :MULTIPLY=>[[:state, 12]],
   :DIVIDE=>[[:state, 13]],
   :RPAREN=>[[:reduce, 56]]},
 18=>
  {:"$"=>[[:reduce, 57]],
   :ADD=>[[:reduce, 57]],
   :SUBTRACT=>[[:reduce, 57]],
   :MULTIPLY=>[[:reduce, 57]],
   :DIVIDE=>[[:reduce, 57]],
   :RPAREN=>[[:reduce, 57]]},
 19=>
  {:"$"=>[[:reduce, 58]],
   :ADD=>[[:reduce, 58]],
   :SUBTRACT=>[[:reduce, 58]],
   :MULTIPLY=>[[:reduce, 58]],
   :DIVIDE=>[[:reduce, 58]],
   :RPAREN=>[[:reduce, 58]]},
 20=>
  {:ADD=>[[:reduce, 59]],
   :SUBTRACT=>[[:reduce, 59]],
   :MULTIPLY=>[[:reduce, 59]],
   :DIVIDE=>[[:reduce, 59]],
   :RPAREN=>[[:reduce, 59]],
   :"$"=>[[:reduce, 59]]},
 21=>
  {:ADD=>[[:reduce, 60]],
   :SUBTRACT=>[[:reduce, 60]],
   :MULTIPLY=>[[:reduce, 60]],
   :DIVIDE=>[[:reduce, 60]],
   :RPAREN=>[[:reduce, 60]],
   :"$"=>[[:reduce, 60]]}}

State 0:
  rules:
    0/n3: $start(0) →  • expression(0:1) $
      {}
    1/n3: expression(0:1) →  • NUMBER
      {}
    2/l2: expression(0:1) →  • expression(0:1) "+" expression(10:16)
      {}
    3/l2: expression(0:1) →  • expression(0:1) "-" expression(11:17)
      {}
    4/l1: expression(0:1) →  • expression(0:1) "*" expression(12:18)
      {}
    5/l1: expression(0:1) →  • expression(0:1) "/" expression(13:19)
      {}
    6/n0: expression(0:1) →  • "(" expression(7:14) ")"
      {}
    7/n0: expression(0:1) →  • "(" error ")"
      {}

  transitions:
    expression: State 1
    NUMBER    : State 2
    LPAREN    : State 7

State 1:
  rules:
    87/n3: $start(0) → expression(0:1) • $
      {}
    88/l2: expression(0:1) → expression(0:1) • "+" expression(10:16)
      {}
    89/l2: expression(0:1) → expression(0:1) • "-" expression(11:17)
      {}
    90/l1: expression(0:1) → expression(0:1) • "*" expression(12:18)
      {}
    91/l1: expression(0:1) → expression(0:1) • "/" expression(13:19)
      {}

  transitions:
    $       : State 9
    ADD     : State 10
    SUBTRACT: State 11
    MULTIPLY: State 12
    DIVIDE  : State 13

State 2:
  rules:
    13/n3: expression(0:1) → NUMBER • 
      {"+", "-", "*", "/", ")", $}

  transitions:

State 3:
  rules:
    88/l2: expression(0:1) → expression(0:1) • "+" expression(10:16)
      {}

  transitions:
    ADD: State 10

State 4:
  rules:
    89/l2: expression(0:1) → expression(0:1) • "-" expression(11:17)
      {}

  transitions:
    SUBTRACT: State 11

State 5:
  rules:
    90/l1: expression(0:1) → expression(0:1) • "*" expression(12:18)
      {}

  transitions:
    MULTIPLY: State 12

State 6:
  rules:
    91/l1: expression(0:1) → expression(0:1) • "/" expression(13:19)
      {}

  transitions:
    DIVIDE: State 13

State 7:
  rules:
    18/n0: expression(0:1) → "(" • expression(7:14) ")"
      {}
    19/n3: expression(7:14) →  • NUMBER
      {}
    20/l2: expression(7:14) →  • expression(7:14) "+" expression(10:16)
      {}
    21/l2: expression(7:14) →  • expression(7:14) "-" expression(11:17)
      {}
    22/l1: expression(7:14) →  • expression(7:14) "*" expression(12:18)
      {}
    23/l1: expression(7:14) →  • expression(7:14) "/" expression(13:19)
      {}
    24/n0: expression(7:14) →  • "(" expression(7:14) ")"
      {}
    25/n0: expression(7:14) →  • "(" error ")"
      {}
    27/n0: expression(0:1) → "(" • error ")"
      {}

  transitions:
    expression: State 14
    NUMBER    : State 2
    LPAREN    : State 7
    error     : State 15

State 8:
  rules:
    27/n0: expression(0:1) → "(" • error ")"
      {}

  transitions:
    error: State 15

State 9:
  rules:
    28/n3: $start(0) → expression(0:1) $ • 
      {}

  transitions:

State 10:
  rules:
    29/l2: expression(0:1) → expression(0:1) "+" • expression(10:16)
      {}
    30/n3: expression(10:16) →  • NUMBER
      {}
    31/l2: expression(10:16) →  • expression(10:16) "+" expression(10:16)
      {}
    32/l2: expression(10:16) →  • expression(10:16) "-" expression(11:17)
      {}
    33/l1: expression(10:16) →  • expression(10:16) "*" expression(12:18)
      {}
    34/l1: expression(10:16) →  • expression(10:16) "/" expression(13:19)
      {}
    35/n0: expression(10:16) →  • "(" expression(7:14) ")"
      {}
    36/n0: expression(10:16) →  • "(" error ")"
      {}

  transitions:
    expression: State 16
    NUMBER    : State 2
    LPAREN    : State 7

State 11:
  rules:
    37/l2: expression(0:1) → expression(0:1) "-" • expression(11:17)
      {}
    38/n3: expression(11:17) →  • NUMBER
      {}
    39/l2: expression(11:17) →  • expression(11:17) "+" expression(10:16)
      {}
    40/l2: expression(11:17) →  • expression(11:17) "-" expression(11:17)
      {}
    41/l1: expression(11:17) →  • expression(11:17) "*" expression(12:18)
      {}
    42/l1: expression(11:17) →  • expression(11:17) "/" expression(13:19)
      {}
    43/n0: expression(11:17) →  • "(" expression(7:14) ")"
      {}
    44/n0: expression(11:17) →  • "(" error ")"
      {}

  transitions:
    expression: State 17
    NUMBER    : State 2
    LPAREN    : State 7

State 12:
  rules:
    45/l1: expression(0:1) → expression(0:1) "*" • expression(12:18)
      {}
    46/n3: expression(12:18) →  • NUMBER
      {}
    47/l2: expression(12:18) →  • expression(12:18) "+" expression(10:16)
      {}
    48/l2: expression(12:18) →  • expression(12:18) "-" expression(11:17)
      {}
    49/l1: expression(12:18) →  • expression(12:18) "*" expression(12:18)
      {}
    50/l1: expression(12:18) →  • expression(12:18) "/" expression(13:19)
      {}
    51/n0: expression(12:18) →  • "(" expression(7:14) ")"
      {}
    52/n0: expression(12:18) →  • "(" error ")"
      {}

  transitions:
    expression: State 18
    NUMBER    : State 2
    LPAREN    : State 7

State 13:
  rules:
    53/l1: expression(0:1) → expression(0:1) "/" • expression(13:19)
      {}
    54/n3: expression(13:19) →  • NUMBER
      {}
    55/l2: expression(13:19) →  • expression(13:19) "+" expression(10:16)
      {}
    56/l2: expression(13:19) →  • expression(13:19) "-" expression(11:17)
      {}
    57/l1: expression(13:19) →  • expression(13:19) "*" expression(12:18)
      {}
    58/l1: expression(13:19) →  • expression(13:19) "/" expression(13:19)
      {}
    59/n0: expression(13:19) →  • "(" expression(7:14) ")"
      {}
    60/n0: expression(13:19) →  • "(" error ")"
      {}

  transitions:
    expression: State 19
    NUMBER    : State 2
    LPAREN    : State 7

State 14:
  rules:
    61/n0: expression(0:1) → "(" expression(7:14) • ")"
      {}
    87/n3: $start(0) → expression(0:1) • $
      {}
    88/l2: expression(0:1) → expression(0:1) • "+" expression(10:16)
      {}
    89/l2: expression(0:1) → expression(0:1) • "-" expression(11:17)
      {}
    90/l1: expression(0:1) → expression(0:1) • "*" expression(12:18)
      {}
    91/l1: expression(0:1) → expression(0:1) • "/" expression(13:19)
      {}

  transitions:
    $       : State 9
    ADD     : State 10
    SUBTRACT: State 11
    MULTIPLY: State 12
    DIVIDE  : State 13
    RPAREN  : State 20

State 15:
  rules:
    67/n0: expression(0:1) → "(" error • ")"
      {}

  transitions:
    RPAREN: State 21

State 16:
  rules:
    68/l2: expression(0:1) → expression(0:1) "+" expression(10:16) • 
      {"+", "-", "*", "/", ")", $}
    87/n3: $start(0) → expression(0:1) • $
      {}
    88/l2: expression(0:1) → expression(0:1) • "+" expression(10:16)
      {}
    89/l2: expression(0:1) → expression(0:1) • "-" expression(11:17)
      {}
    90/l1: expression(0:1) → expression(0:1) • "*" expression(12:18)
      {}
    91/l1: expression(0:1) → expression(0:1) • "/" expression(13:19)
      {}

  transitions:
    $       : State 9
    ADD     : State 10
    SUBTRACT: State 11
    MULTIPLY: State 12
    DIVIDE  : State 13

State 17:
  rules:
    74/l2: expression(0:1) → expression(0:1) "-" expression(11:17) • 
      {"+", "-", "*", "/", ")", $}
    87/n3: $start(0) → expression(0:1) • $
      {}
    88/l2: expression(0:1) → expression(0:1) • "+" expression(10:16)
      {}
    89/l2: expression(0:1) → expression(0:1) • "-" expression(11:17)
      {}
    90/l1: expression(0:1) → expression(0:1) • "*" expression(12:18)
      {}
    91/l1: expression(0:1) → expression(0:1) • "/" expression(13:19)
      {}

  transitions:
    $       : State 9
    ADD     : State 10
    SUBTRACT: State 11
    MULTIPLY: State 12
    DIVIDE  : State 13

State 18:
  rules:
    80/l1: expression(0:1) → expression(0:1) "*" expression(12:18) • 
      {"+", "-", "*", "/", ")", $}
    87/n3: $start(0) → expression(0:1) • $
      {}
    88/l2: expression(0:1) → expression(0:1) • "+" expression(10:16)
      {}
    89/l2: expression(0:1) → expression(0:1) • "-" expression(11:17)
      {}
    90/l1: expression(0:1) → expression(0:1) • "*" expression(12:18)
      {}
    91/l1: expression(0:1) → expression(0:1) • "/" expression(13:19)
      {}

  transitions:
    $       : State 9
    ADD     : State 10
    SUBTRACT: State 11
    MULTIPLY: State 12
    DIVIDE  : State 13

State 19:
  rules:
    86/l1: expression(0:1) → expression(0:1) "/" expression(13:19) • 
      {"+", "-", "*", "/", ")", $}
    87/n3: $start(0) → expression(0:1) • $
      {}
    88/l2: expression(0:1) → expression(0:1) • "+" expression(10:16)
      {}
    89/l2: expression(0:1) → expression(0:1) • "-" expression(11:17)
      {}
    90/l1: expression(0:1) → expression(0:1) • "*" expression(12:18)
      {}
    91/l1: expression(0:1) → expression(0:1) • "/" expression(13:19)
      {}

  transitions:
    $       : State 9
    ADD     : State 10
    SUBTRACT: State 11
    MULTIPLY: State 12
    DIVIDE  : State 13

State 20:
  rules:
    92/n0: expression(0:1) → "(" expression(7:14) ")" • 
      {"+", "-", "*", "/", ")", $}

  transitions:

State 21:
  rules:
    93/n0: expression(0:1) → "(" error ")" • 
      {"+", "-", "*", "/", ")", $}

  transitions:

