productions:
    $start_[1] →  • e_[1:2] $
      {}
    e_[1:2] →  • l_[1:4] EQUALS r_[5:6]
      {}
    l_[1:4] →  • IDENT
      {}
    l_[1:4] →  • STAR r_[9:10]
      {}
    e_[1:2] →  • r_[1:11]
      {}
    r_[1:11] →  • l_[1:4]
      {}
    r_[5:6] →  • l_[5:7]
      {}
    l_[5:7] →  • IDENT
      {}
    l_[5:7] →  • STAR r_[9:10]
      {}
    r_[9:10] →  • l_[9:7]
      {}
    l_[9:7] →  • IDENT
      {}
    l_[9:7] →  • STAR r_[9:10]
      {}

follow():
  $start_[1]: 
  e_[1:2]: $
  l_[1:4]: EQUALS $
  r_[1:11]: $
  r_[5:6]: $
  l_[5:7]: EQUALS $
  r_[9:10]: $
  l_[9:7]: EQUALS $

State 1:
  rules:
    $start_[1] →  • e_[1:2] $
      {}
    e_[1:2] →  • l_[1:4] EQUALS r_[5:6]
      {}
    l_[1:4] →  • IDENT
      {}
    l_[1:4] →  • STAR r_[9:10]
      {}
    e_[1:2] →  • r_[1:11]
      {}
    r_[1:11] →  • l_[1:4]
      {}


  transitions:
    e: State 2
    l: State 4
    IDENT: State 8
    STAR: State 9
    r: State 11

State 2:
  rules:
    $start_[1] → e_[1:2] • $
      {}


  transitions:
    $: State 3

State 4:
  rules:
    e_[1:2] → l_[1:4] • EQUALS r_[5:6]
      {}
    r_[5:6] → l_[5:7] • 
      {$}


  transitions:
    EQUALS: State 5

State 8:
  rules:
    l_[5:7] → IDENT • 
      {EQUALS, $}


  transitions:


State 9:
  rules:
    l_[5:7] → STAR • r_[9:10]
      {}
    r_[9:10] →  • l_[9:7]
      {}
    l_[9:7] →  • IDENT
      {}
    l_[9:7] →  • STAR r_[9:10]
      {}


  transitions:
    r: State 10
    l: State 7
    IDENT: State 8
    STAR: State 9

State 11:
  rules:
    e_[1:2] → r_[1:11] • 
      {$}


  transitions:


State 3:
  rules:
    $start_[1] → e_[1:2] $ • 
      {}


  transitions:


State 5:
  rules:
    e_[1:2] → l_[1:4] EQUALS • r_[5:6]
      {}
    r_[5:6] →  • l_[5:7]
      {}
    l_[5:7] →  • IDENT
      {}
    l_[5:7] →  • STAR r_[9:10]
      {}


  transitions:
    r: State 6
    l: State 7
    IDENT: State 8
    STAR: State 9

State 10:
  rules:
    l_[5:7] → STAR r_[9:10] • 
      {EQUALS, $}


  transitions:


State 7:
  rules:
    r_[5:6] → l_[5:7] • 
      {$}


  transitions:


State 6:
  rules:
    e_[1:2] → l_[1:4] EQUALS r_[5:6] • 
      {$}


  transitions:


